{
  "stats": {
    "suites": 1,
    "tests": 1,
    "passes": 1,
    "pending": 0,
    "failures": 0,
    "start": "2022-07-06T23:50:14.540Z",
    "end": "2022-07-06T23:50:33.299Z",
    "duration": 18759,
    "testsRegistered": 1,
    "passPercent": 100,
    "pendingPercent": 0,
    "other": 0,
    "hasOther": false,
    "skipped": 0,
    "hasSkipped": false
  },
  "results": [
    {
      "uuid": "4934296c-fda3-408b-ad7b-962f4a85854d",
      "title": "",
      "fullFile": "cypress\\e2e\\amazonTests\\HomePage.cy.js",
      "file": "cypress\\e2e\\amazonTests\\HomePage.cy.js",
      "beforeHooks": [],
      "afterHooks": [],
      "tests": [],
      "suites": [
        {
          "uuid": "9db9c8da-a785-4a53-b3a1-234c9208ecc2",
          "title": "Search element",
          "fullFile": "",
          "file": "",
          "beforeHooks": [],
          "afterHooks": [],
          "tests": [
            {
              "title": "Validate search results match to criteria",
              "fullTitle": "Search element Validate search results match to criteria",
              "timedOut": null,
              "duration": 15423,
              "state": "passed",
              "speed": "slow",
              "pass": true,
              "fail": false,
              "pending": false,
              "context": null,
              "code": "cy.get('#twotabsearchtextbox').click();\ncy.get('#twotabsearchtextbox').type('playstation 1');\ncy.get('#nav-search-submit-button').click();\ncy.scrollTo(0, 500);\ncy.xpath('//*[@id=\"p_n_condition-type/2224368011\"]/span/a/div/label/input').check({\n  force: true\n});\ncy.get('[data-asin=\"B00004XOWT\"] > :nth-child(1) > .s-widget-container > .s-card-container > :nth-child(1) > :nth-child(1) > .sg-col-8-of-16 > :nth-child(1) > .a-spacing-small > .s-padding-right-small > .a-size-mini > .a-link-normal > .a-size-medium').as('divResult');\ncy.get('@divResult').should('include.text', 'Playstation');",
              "err": {},
              "uuid": "dc2def74-9581-4d13-a6cf-afdd1d7e9e8a",
              "parentUUID": "9db9c8da-a785-4a53-b3a1-234c9208ecc2",
              "isHook": false,
              "skipped": false
            }
          ],
          "suites": [],
          "passes": [
            "dc2def74-9581-4d13-a6cf-afdd1d7e9e8a"
          ],
          "failures": [],
          "pending": [],
          "skipped": [],
          "duration": 15423,
          "root": false,
          "rootEmpty": false,
          "_timeout": 2000
        }
      ],
      "passes": [],
      "failures": [],
      "pending": [],
      "skipped": [],
      "duration": 0,
      "root": true,
      "rootEmpty": true,
      "_timeout": 2000
    }
  ],
  "meta": {
    "mocha": {
      "version": "7.0.1"
    },
    "mochawesome": {
      "options": {
        "quiet": false,
        "reportFilename": "mochawesome",
        "saveHtml": true,
        "saveJson": true,
        "consoleReporter": "spec",
        "useInlineDiffs": false,
        "code": true
      },
      "version": "7.1.3"
    },
    "marge": {
      "options": null,
      "version": "6.2.0"
    }
  }
}