{
  "stats": {
    "suites": 1,
    "tests": 3,
    "passes": 2,
    "pending": 1,
    "failures": 0,
    "start": "2022-07-28T23:19:57.271Z",
    "end": "2022-07-28T23:20:37.195Z",
    "duration": 39924,
    "testsRegistered": 3,
    "passPercent": 100,
    "pendingPercent": 33.33333333333333,
    "other": 0,
    "hasOther": false,
    "skipped": 0,
    "hasSkipped": false
  },
  "results": [
    {
      "uuid": "d48c4813-e6c6-4863-b88a-d2d3fbfe0c66",
      "title": "",
      "fullFile": "cypress\\e2e\\qaChallengeAmazon\\AmazonChallengeHome.cy.js",
      "file": "cypress\\e2e\\qaChallengeAmazon\\AmazonChallengeHome.cy.js",
      "beforeHooks": [],
      "afterHooks": [],
      "tests": [],
      "suites": [
        {
          "uuid": "98b1f134-8e3c-4304-b2c2-71b7aefa9382",
          "title": "Amazon ",
          "fullFile": "",
          "file": "",
          "beforeHooks": [],
          "afterHooks": [],
          "tests": [
            {
              "title": "Search a product and validate the search results are correct",
              "fullTitle": "Amazon  Search a product and validate the search results are correct",
              "timedOut": null,
              "duration": 15416,
              "state": "passed",
              "speed": "slow",
              "pass": true,
              "fail": false,
              "pending": false,
              "context": null,
              "code": "amazonHomePO.searchProduct(\"laptop\");\namazonResultsPO.checkHp();\namazonResultsPO.divProduct().should('include.text', 'HP');",
              "err": {},
              "uuid": "dde16eb3-7a65-4a0d-942f-863be0915f43",
              "parentUUID": "98b1f134-8e3c-4304-b2c2-71b7aefa9382",
              "isHook": false,
              "skipped": false
            },
            {
              "title": "Search laptop, filter by brand \"HP\" and add to cart",
              "fullTitle": "Amazon  Search laptop, filter by brand \"HP\" and add to cart",
              "timedOut": null,
              "duration": 21577,
              "state": "passed",
              "speed": "slow",
              "pass": true,
              "fail": false,
              "pending": false,
              "context": null,
              "code": "amazonHomePO.searchProduct(\"laptop\");\namazonResultsPO.checkHp();\namazonResultsPO.clickDivProduct();\namazonProductPO.selectQuantity('2');",
              "err": {},
              "uuid": "274510f4-bfab-4ef4-82ae-e02e3b260547",
              "parentUUID": "98b1f134-8e3c-4304-b2c2-71b7aefa9382",
              "isHook": false,
              "skipped": false
            },
            {
              "title": "Search laptop, filter by brand \"HP\" and add 3 to cart",
              "fullTitle": "Amazon  Search laptop, filter by brand \"HP\" and add 3 to cart",
              "timedOut": null,
              "duration": 0,
              "state": "pending",
              "speed": null,
              "pass": false,
              "fail": false,
              "pending": true,
              "context": null,
              "code": "",
              "err": {},
              "uuid": "70f985e4-0266-45e2-9c21-71ff5f95d7c9",
              "parentUUID": "98b1f134-8e3c-4304-b2c2-71b7aefa9382",
              "isHook": false,
              "skipped": false
            }
          ],
          "suites": [],
          "passes": [
            "dde16eb3-7a65-4a0d-942f-863be0915f43",
            "274510f4-bfab-4ef4-82ae-e02e3b260547"
          ],
          "failures": [],
          "pending": [
            "70f985e4-0266-45e2-9c21-71ff5f95d7c9"
          ],
          "skipped": [],
          "duration": 36993,
          "root": false,
          "rootEmpty": false,
          "_timeout": 2000
        }
      ],
      "passes": [],
      "failures": [],
      "pending": [],
      "skipped": [],
      "duration": 0,
      "root": true,
      "rootEmpty": true,
      "_timeout": 2000
    }
  ],
  "meta": {
    "mocha": {
      "version": "7.0.1"
    },
    "mochawesome": {
      "options": {
        "quiet": false,
        "reportFilename": "mochawesome",
        "saveHtml": true,
        "saveJson": true,
        "consoleReporter": "spec",
        "useInlineDiffs": false,
        "code": true
      },
      "version": "7.1.3"
    },
    "marge": {
      "options": null,
      "version": "6.2.0"
    }
  }
}